0 info it worked if it ends with ok
1 verbose cli [ '/Users/jahansj/.nvm/versions/node/v4.2.6/bin/node',
1 verbose cli   '/Users/jahansj/.nvm/versions/node/v4.2.6/bin/npm',
1 verbose cli   'run-script',
1 verbose cli   'server' ]
2 info using npm@2.14.12
3 info using node@v4.2.6
4 verbose run-script [ 'preserver', 'server', 'postserver' ]
5 info preserver crapping-time@0.0.0
6 info server crapping-time@0.0.0
7 verbose unsafe-perm in lifecycle true
8 info crapping-time@0.0.0 Failed to exec server script
9 verbose stack Error: crapping-time@0.0.0 server: `node --harmony ./server/server.js`
9 verbose stack Exit status 1
9 verbose stack     at EventEmitter.<anonymous> (/Users/jahansj/.nvm/versions/node/v4.2.6/lib/node_modules/npm/lib/utils/lifecycle.js:214:16)
9 verbose stack     at emitTwo (events.js:87:13)
9 verbose stack     at EventEmitter.emit (events.js:172:7)
9 verbose stack     at ChildProcess.<anonymous> (/Users/jahansj/.nvm/versions/node/v4.2.6/lib/node_modules/npm/lib/utils/spawn.js:24:14)
9 verbose stack     at emitTwo (events.js:87:13)
9 verbose stack     at ChildProcess.emit (events.js:172:7)
9 verbose stack     at maybeClose (internal/child_process.js:821:16)
9 verbose stack     at Process.ChildProcess._handle.onexit (internal/child_process.js:211:5)
10 verbose pkgid crapping-time@0.0.0
11 verbose cwd /Users/jahansj/Documents/personal-projects/crappingTime
12 error Darwin 15.5.0
13 error argv "/Users/jahansj/.nvm/versions/node/v4.2.6/bin/node" "/Users/jahansj/.nvm/versions/node/v4.2.6/bin/npm" "run-script" "server"
14 error node v4.2.6
15 error npm  v2.14.12
16 error code ELIFECYCLE
17 error crapping-time@0.0.0 server: `node --harmony ./server/server.js`
17 error Exit status 1
18 error Failed at the crapping-time@0.0.0 server script 'node --harmony ./server/server.js'.
18 error This is most likely a problem with the crapping-time package,
18 error not with npm itself.
18 error Tell the author that this fails on your system:
18 error     node --harmony ./server/server.js
18 error You can get their info via:
18 error     npm owner ls crapping-time
18 error There is likely additional logging output above.
19 verbose exit [ 1, true ]
