Arguments: 
  D:\nodejs\node.exe D:\Yarn\bin\yarn.js init

PATH: 
  C:\Program Files (x86)\NVIDIA Corporation\PhysX\Common;C:\Windows\system32;C:\Windows;C:\Windows\System32\Wbem;C:\Windows\System32\WindowsPowerShell\v1.0\;C:\Program Files\Git\cmd;D:\nodejs\;D:\Yarn\bin;C:\Users\joshjahans\AppData\Roaming\npm;C:\Users\joshjahans\AppData\Local\Yarn\.bin

Yarn version: 
  0.18.1

Node version: 
  6.9.4

Platform: 
  win32 x64

npm manifest: 
  {
    "name": "crapping-time",
    "version": "0.0.0",
    "description": "How much do you get paid to poo?",
    "main": "index.js",
    "scripts": {
      "test": "echo \"Error: no test specified\" && exit 1",
      "start": "node --harmony ./server/server.js"
    },
    "repository": {
      "type": "git",
      "url": "git+https://github.com/Jahans3/crappingTime.git"
    },
    "author": "",
    "license": "ISC",
    "bugs": {
      "url": "https://github.com/Jahans3/crappingTime/issues"
    },
    "homepage": "https://github.com/Jahans3/crappingTime#readme",
    "dependencies": {
      "babel-plugin-transform-decorators-legacy": "^1.3.4",
      "babel-plugin-transform-object-rest-spread": "^6.16.0",
      "bcrypt-nodejs": "0.0.3",
      "body-parser": "^1.15.2",
      "cookie-parser": "^1.4.3",
      "express": "^4.14.0",
      "express-flash": "0.0.2",
      "express-session": "^1.14.2",
      "hjs": "0.0.6",
      "mongoose": "^4.6.5",
      "passport": "^0.3.2",
      "passport-facebook": "^2.1.1",
      "passport-local": "^1.0.0",
      "passport-twitter": "^1.0.4",
      "react": "^15.3.2",
      "react-dom": "^15.3.2",
      "react-redux": "^4.4.5",
      "react-router": "^2.8.1",
      "redux": "^3.6.0",
      "redux-logger": "^2.7.0",
      "redux-promise-middleware": "^4.1.0",
      "redux-thunk": "^2.1.0",
      "skeleton-css": "^2.0.4",
      "socket.io": "^1.5.0"
    },
    "devDependencies": {
      "babel-core": "^6.17.0",
      "babel-loader": "^6.2.5",
      "babel-preset-es2015": "^6.16.0",
      "babel-preset-react": "^6.16.0",
      "css-loader": "^0.25.0",
      "node-sass": "^4.1.1",
      "resolve-url-loader": "^1.6.1",
      "sass-loader": "^4.1.1",
      "style-loader": "^0.13.1",
      "webpack": "^1.13.2"
    }
  }

yarn manifest: 
  No manifest

Lockfile: 
  No lockfile

Trace: 
  TypeError: Cannot convert object to primitive value
      at Object.<anonymous> (D:\Yarn\lib\cli\commands\init.js:93:27)
      at next (native)
      at step (D:\Yarn\node_modules\babel-runtime\helpers\asyncToGenerator.js:17:30)
      at D:\Yarn\node_modules\babel-runtime\helpers\asyncToGenerator.js:28:13
      at process._tickCallback (internal/process/next_tick.js:103:7)
